# JRE version: OpenJDK Runtime Environment Temurin-21.0.5+11 (21.0.5+11) (build 21.0.5+11-LTS)
# Java VM: OpenJDK 64-Bit Server VM Temurin-21.0.5+11 (21.0.5+11-LTS, mixed mode, emulated-client, sharing, tiered, compressed oops, compressed class ptrs, g1 gc, windows-amd64)
GC Precious Log:
 CardTable entry size: 512
 Card Set container configuration: InlinePtr #cards 4 size 8 Array Of Cards #cards 16 size 48 Howl #buckets 8 coarsen threshold 3686 Howl Bitmap #cards 512 size 80 coarsen threshold 460 Card regions per heap region 1 cards per card region 4096
 CPUs: 12 total, 12 available
 Memory: 16068M
 Large Page Support: Disabled
 NUMA Support: Disabled
 Compressed Oops: Enabled (Zero based)
 Heap Region Size: 2M
 Heap Min Capacity: 8M
 Heap Initial Capacity: 252M
 Heap Max Capacity: 4018M
 Pre-touch: Disabled
 Parallel Workers: 10
 Concurrent Workers: 3
 Concurrent Refinement Workers: 10
 Periodic GC: Disabled
Heap:
 garbage-first heap   total 83968K, used 72289K [0x0000000704e00000, 0x0000000800000000)
  region size 2048K, 22 young (45056K), 2 survivors (4096K)
 Metaspace       used 67879K, committed 68608K, reserved 1114112K
  class space    used 9350K, committed 9664K, reserved 1048576K
GC Heap History (20 events):
Event: 4.283 GC heap after
{Heap after GC invocations=13 (full 0):
 garbage-first heap   total 69632K, used 20283K [0x0000000704e00000, 0x0000000800000000)
  region size 2048K, 3 young (6144K), 3 survivors (6144K)
 Metaspace       used 32358K, committed 32896K, reserved 1114112K
  class space    used 4436K, committed 4672K, reserved 1048576K
}
Event: 4.660 GC heap before
{Heap before GC invocations=13 (full 0):
 garbage-first heap   total 69632K, used 55099K [0x0000000704e00000, 0x0000000800000000)
  region size 2048K, 20 young (40960K), 3 survivors (6144K)
 Metaspace       used 34634K, committed 35264K, reserved 1114112K
  class space    used 4700K, committed 4992K, reserved 1048576K
}
Event: 4.665 GC heap after
{Heap after GC invocations=14 (full 0):
 garbage-first heap   total 69632K, used 21351K [0x0000000704e00000, 0x0000000800000000)
  region size 2048K, 3 young (6144K), 3 survivors (6144K)
 Metaspace       used 34634K, committed 35264K, reserved 1114112K
  class space    used 4700K, committed 4992K, reserved 1048576K
}
Event: 4.901 GC heap before
{Heap before GC invocations=14 (full 0):
 garbage-first heap   total 69632K, used 54119K [0x0000000704e00000, 0x0000000800000000)
  region size 2048K, 19 young (38912K), 3 survivors (6144K)
 Metaspace       used 37701K, committed 38400K, reserved 1114112K
  class space    used 5108K, committed 5440K, reserved 1048576K
}
Event: 4.906 GC heap after
{Heap after GC invocations=15 (full 0):
 garbage-first heap   total 69632K, used 22232K [0x0000000704e00000, 0x0000000800000000)
  region size 2048K, 2 young (4096K), 2 survivors (4096K)
 Metaspace       used 37701K, committed 38400K, reserved 1114112K
  class space    used 5108K, committed 5440K, reserved 1048576K
}
Event: 5.180 GC heap before
{Heap before GC invocations=15 (full 0):
 garbage-first heap   total 69632K, used 55000K [0x0000000704e00000, 0x0000000800000000)
  region size 2048K, 19 young (38912K), 2 survivors (4096K)
 Metaspace       used 40818K, committed 41472K, reserved 1114112K
  class space    used 5656K, committed 5952K, reserved 1048576K
}
Event: 5.185 GC heap after
{Heap after GC invocations=16 (full 0):
 garbage-first heap   total 83968K, used 22895K [0x0000000704e00000, 0x0000000800000000)
  region size 2048K, 2 young (4096K), 2 survivors (4096K)
 Metaspace       used 40818K, committed 41472K, reserved 1114112K
  class space    used 5656K, committed 5952K, reserved 1048576K
}
Event: 5.876 GC heap before
{Heap before GC invocations=16 (full 0):
 garbage-first heap   total 83968K, used 65903K [0x0000000704e00000, 0x0000000800000000)
  region size 2048K, 24 young (49152K), 2 survivors (4096K)
 Metaspace       used 47519K, committed 48128K, reserved 1114112K
  class space    used 6449K, committed 6720K, reserved 1048576K
}
Event: 5.883 GC heap after
{Heap after GC invocations=17 (full 0):
 garbage-first heap   total 83968K, used 27125K [0x0000000704e00000, 0x0000000800000000)
  region size 2048K, 3 young (6144K), 3 survivors (6144K)
 Metaspace       used 47519K, committed 48128K, reserved 1114112K
  class space    used 6449K, committed 6720K, reserved 1048576K
}
Event: 6.706 GC heap before
{Heap before GC invocations=17 (full 0):
 garbage-first heap   total 83968K, used 47605K [0x0000000704e00000, 0x0000000800000000)
  region size 2048K, 14 young (28672K), 3 survivors (6144K)
 Metaspace       used 49813K, committed 50368K, reserved 1114112K
  class space    used 6741K, committed 6976K, reserved 1048576K
}
Event: 6.712 GC heap after
{Heap after GC invocations=18 (full 0):
 garbage-first heap   total 83968K, used 28350K [0x0000000704e00000, 0x0000000800000000)
  region size 2048K, 1 young (2048K), 1 survivors (2048K)
 Metaspace       used 49813K, committed 50368K, reserved 1114112K
  class space    used 6741K, committed 6976K, reserved 1048576K
}
Event: 7.227 GC heap before
{Heap before GC invocations=19 (full 0):
 garbage-first heap   total 83968K, used 65214K [0x0000000704e00000, 0x0000000800000000)
  region size 2048K, 20 young (40960K), 1 survivors (2048K)
 Metaspace       used 53092K, committed 53760K, reserved 1114112K
  class space    used 7160K, committed 7488K, reserved 1048576K
}
Event: 7.230 GC heap after
{Heap after GC invocations=20 (full 0):
 garbage-first heap   total 83968K, used 29223K [0x0000000704e00000, 0x0000000800000000)
  region size 2048K, 2 young (4096K), 2 survivors (4096K)
 Metaspace       used 53092K, committed 53760K, reserved 1114112K
  class space    used 7160K, committed 7488K, reserved 1048576K
}
Event: 7.907 GC heap before
{Heap before GC invocations=20 (full 0):
 garbage-first heap   total 83968K, used 66087K [0x0000000704e00000, 0x0000000800000000)
  region size 2048K, 21 young (43008K), 2 survivors (4096K)
 Metaspace       used 57899K, committed 58624K, reserved 1114112K
  class space    used 7843K, committed 8192K, reserved 1048576K
}
Event: 7.912 GC heap after
{Heap after GC invocations=21 (full 0):
 garbage-first heap   total 83968K, used 29557K [0x0000000704e00000, 0x0000000800000000)
  region size 2048K, 2 young (4096K), 2 survivors (4096K)
 Metaspace       used 57899K, committed 58624K, reserved 1114112K
  class space    used 7843K, committed 8192K, reserved 1048576K
}
Event: 8.548 GC heap before
{Heap before GC invocations=21 (full 0):
 garbage-first heap   total 83968K, used 68469K [0x0000000704e00000, 0x0000000800000000)
  region size 2048K, 22 young (45056K), 2 survivors (4096K)
 Metaspace       used 61630K, committed 62336K, reserved 1114112K
  class space    used 8494K, committed 8832K, reserved 1048576K
}
Event: 8.552 GC heap after
{Heap after GC invocations=22 (full 0):
 garbage-first heap   total 83968K, used 30259K [0x0000000704e00000, 0x0000000800000000)
  region size 2048K, 2 young (4096K), 2 survivors (4096K)
 Metaspace       used 61630K, committed 62336K, reserved 1114112K
  class space    used 8494K, committed 8832K, reserved 1048576K
}
Event: 9.193 GC heap before
{Heap before GC invocations=22 (full 0):
 garbage-first heap   total 83968K, used 71219K [0x0000000704e00000, 0x0000000800000000)
  region size 2048K, 22 young (45056K), 2 survivors (4096K)
 Metaspace       used 65406K, committed 66048K, reserved 1114112K
  class space    used 8958K, committed 9280K, reserved 1048576K
}
Event: 9.198 GC heap after
{Heap after GC invocations=23 (full 0):
 garbage-first heap   total 83968K, used 31329K [0x0000000704e00000, 0x0000000800000000)
  region size 2048K, 2 young (4096K), 2 survivors (4096K)
 Metaspace       used 65406K, committed 66048K, reserved 1114112K
  class space    used 8958K, committed 9280K, reserved 1048576K
}
Event: 349.524 GC heap before
{Heap before GC invocations=23 (full 0):
 garbage-first heap   total 83968K, used 72289K [0x0000000704e00000, 0x0000000800000000)
  region size 2048K, 22 young (45056K), 2 survivors (4096K)
 Metaspace       used 67879K, committed 68608K, reserved 1114112K
  class space    used 9350K, committed 9664K, reserved 1048576K
}

